"2022-11-27 16:47:17 [restartedMain] INFO  c.e.e.EmployeeServiceEmployeeappnewApplication - Starting EmployeeServiceEmployeeappnewApplication using Java 19.0.1 on LAPTOP-S7I1GPA2 with PID 13800 (E:\Microservices projects\2022 projects\newEndToEndApp\target\classes started by RAJA PALAI in E:\Microservices projects\2022 projects\newEndToEndApp)
""2022-11-27 16:47:17 [restartedMain] INFO  c.e.e.EmployeeServiceEmployeeappnewApplication - No active profile set, falling back to 1 default profile: "default"
""2022-11-27 16:47:17 [restartedMain] INFO  o.s.b.d.e.DevToolsPropertyDefaultsPostProcessor - Devtools property defaults active! Set 'spring.devtools.add-properties' to 'false' to disable
""2022-11-27 16:47:17 [restartedMain] INFO  o.s.b.d.e.DevToolsPropertyDefaultsPostProcessor - For additional web related logging consider setting the 'logging.level.web' property to 'DEBUG'
""2022-11-27 16:47:18 [restartedMain] INFO  o.s.d.r.c.RepositoryConfigurationDelegate - Bootstrapping Spring Data JPA repositories in DEFAULT mode.
""2022-11-27 16:47:18 [restartedMain] INFO  o.s.d.r.c.RepositoryConfigurationDelegate - Finished Spring Data repository scanning in 45 ms. Found 1 JPA repository interfaces.
""2022-11-27 16:47:19 [restartedMain] INFO  o.s.b.w.e.tomcat.TomcatWebServer - Tomcat initialized with port(s): 9090 (http)
""2022-11-27 16:47:19 [restartedMain] INFO  o.a.catalina.core.StandardService - Starting service [Tomcat]
""2022-11-27 16:47:19 [restartedMain] INFO  o.a.catalina.core.StandardEngine - Starting Servlet engine: [Apache Tomcat/9.0.68]
""2022-11-27 16:47:19 [restartedMain] INFO  o.a.c.c.C.[Tomcat].[localhost].[/] - Initializing Spring embedded WebApplicationContext
""2022-11-27 16:47:19 [restartedMain] INFO  o.s.b.w.s.c.ServletWebServerApplicationContext - Root WebApplicationContext: initialization completed in 2002 ms
""2022-11-27 16:47:19 [restartedMain] INFO  com.zaxxer.hikari.HikariDataSource - HikariPool-1 - Starting...
""2022-11-27 16:47:19 [restartedMain] INFO  com.zaxxer.hikari.HikariDataSource - HikariPool-1 - Start completed.
""2022-11-27 16:47:19 [restartedMain] INFO  o.s.b.a.h.H2ConsoleAutoConfiguration - H2 console available at '/h2-console'. Database available at 'jdbc:mysql://localhost:3306/newdb'
""2022-11-27 16:47:20 [restartedMain] INFO  o.h.jpa.internal.util.LogHelper - HHH000204: Processing PersistenceUnitInfo [name: default]
""2022-11-27 16:47:20 [restartedMain] INFO  org.hibernate.Version - HHH000412: Hibernate ORM core version 5.6.12.Final
""2022-11-27 16:47:20 [restartedMain] INFO  o.h.annotations.common.Version - HCANN000001: Hibernate Commons Annotations {5.1.2.Final}
""2022-11-27 16:47:20 [restartedMain] INFO  org.hibernate.dialect.Dialect - HHH000400: Using dialect: org.hibernate.dialect.MySQL5InnoDBDialect
""2022-11-27 16:47:21 [restartedMain] INFO  o.h.e.t.j.p.i.JtaPlatformInitiator - HHH000490: Using JtaPlatform implementation: [org.hibernate.engine.transaction.jta.platform.internal.NoJtaPlatform]
""2022-11-27 16:47:21 [restartedMain] INFO  o.s.o.j.LocalContainerEntityManagerFactoryBean - Initialized JPA EntityManagerFactory for persistence unit 'default'
""2022-11-27 16:47:21 [restartedMain] WARN  o.s.b.a.o.j.JpaBaseConfiguration$JpaWebConfiguration - spring.jpa.open-in-view is enabled by default. Therefore, database queries may be performed during view rendering. Explicitly configure spring.jpa.open-in-view to disable this warning
""2022-11-27 16:47:22 [restartedMain] INFO  o.s.b.d.a.OptionalLiveReloadServer - LiveReload server is running on port 35729
""2022-11-27 16:47:22 [restartedMain] INFO  o.s.b.w.e.tomcat.TomcatWebServer - Tomcat started on port(s): 9090 (http) with context path ''
""2022-11-27 16:47:22 [restartedMain] INFO  c.e.e.EmployeeServiceEmployeeappnewApplication - Started EmployeeServiceEmployeeappnewApplication in 5.69 seconds (JVM running for 6.404)
""2022-11-27 16:47:27 [http-nio-9090-exec-1] INFO  o.a.c.c.C.[Tomcat].[localhost].[/] - Initializing Spring DispatcherServlet 'dispatcherServlet'
""2022-11-27 16:47:28 [http-nio-9090-exec-1] INFO  c.e.e.controller.EmployeeController - list of created users: ServiceResponse(httpStatus=200 OK, responsePayload=[EmployeeResponseDTO(id=1, employeeFirstName=Amarjeet, employeeLastName=Palai, employeeSalary=50000.0, email=amar@gmail.com, contactNumber=9776828659, designation=SR.CONSULTANT)], errorDetails=null)
""2022-11-27 16:47:32 [http-nio-9090-exec-2] INFO  c.e.e.controller.EmployeeController - user created: ServiceResponse(httpStatus=201 CREATED, responsePayload=EmployeeResponseDTO(id=4, employeeFirstName=Manoj, employeeLastName=Kumar, employeeSalary=40000.0, email=manoj@gmail.com, contactNumber=8249434498, designation=SR.CONSULTANT), errorDetails=null)
""2022-11-27 16:47:34 [http-nio-9090-exec-3] INFO  c.e.e.controller.EmployeeController - list of created users: ServiceResponse(httpStatus=200 OK, responsePayload=[EmployeeResponseDTO(id=1, employeeFirstName=Amarjeet, employeeLastName=Palai, employeeSalary=50000.0, email=amar@gmail.com, contactNumber=9776828659, designation=SR.CONSULTANT), EmployeeResponseDTO(id=4, employeeFirstName=Manoj, employeeLastName=Kumar, employeeSalary=40000.0, email=manoj@gmail.com, contactNumber=8249434498, designation=SR.CONSULTANT)], errorDetails=null)
""2022-11-27 16:48:36 [SpringApplicationShutdownHook] INFO  o.s.o.j.LocalContainerEntityManagerFactoryBean - Closing JPA EntityManagerFactory for persistence unit 'default'
""2022-11-27 16:48:36 [SpringApplicationShutdownHook] INFO  com.zaxxer.hikari.HikariDataSource - HikariPool-1 - Shutdown initiated...
""2022-11-27 16:48:36 [SpringApplicationShutdownHook] INFO  com.zaxxer.hikari.HikariDataSource - HikariPool-1 - Shutdown completed.
"